<?xml version="1.0" encoding="UTF-8"?>
<testng-results ignored="0" total="1" passed="0" failed="1" skipped="0">
  <reporter-output>
  </reporter-output>
  <suite started-at="2020-10-15T22:39:25 GMT-03:00" name="Default suite" finished-at="2020-10-15T22:40:40 GMT-03:00" duration-ms="75064">
    <groups>
    </groups>
    <test started-at="2020-10-15T22:39:25 GMT-03:00" name="Default test" finished-at="2020-10-15T22:40:40 GMT-03:00" duration-ms="75064">
      <class name="Test.FravegaTest">
        <test-method is-config="true" signature="ingresoaPagina()[pri:0, instance:Test.FravegaTest@343570b7]" started-at="2020-10-15T22:39:25 GMT-03:00" name="ingresoaPagina" finished-at="2020-10-15T22:40:14 GMT-03:00" duration-ms="49694" status="PASS">
          <reporter-output>
          </reporter-output>
        </test-method> <!-- ingresoaPagina -->
        <test-method signature="FravegaTestChallenge()[pri:0, instance:Test.FravegaTest@343570b7]" started-at="2020-10-15T22:40:14 GMT-03:00" name="FravegaTestChallenge" finished-at="2020-10-15T22:40:40 GMT-03:00" duration-ms="25276" status="FAIL">
          <exception class="java.lang.AssertionError">
            <message>
              <![CDATA[expected [Heladeras con Frezzer] but found [Heladeras, Freezers y Cavas]]]>
            </message>
            <full-stacktrace>
              <![CDATA[java.lang.AssertionError: expected [Heladeras con Frezzer] but found [Heladeras, Freezers y Cavas]
at org.testng.Assert.fail(Assert.java:99)
at org.testng.Assert.failNotEquals(Assert.java:1037)
at org.testng.Assert.assertEqualsImpl(Assert.java:140)
at org.testng.Assert.assertEquals(Assert.java:122)
at org.testng.Assert.assertEquals(Assert.java:629)
at org.testng.Assert.assertEquals(Assert.java:639)
at com.PageObject.pom.PantallaFiltro.ValidarBreadcrumb(PantallaFiltro.java:119)
at Test.FravegaTest.FravegaTestChallenge(FravegaTest.java:49)
at java.base/jdk.internal.reflect.NativeMethodAccessorImpl.invoke0(Native Method)
at java.base/jdk.internal.reflect.NativeMethodAccessorImpl.invoke(Unknown Source)
at java.base/jdk.internal.reflect.DelegatingMethodAccessorImpl.invoke(Unknown Source)
at java.base/java.lang.reflect.Method.invoke(Unknown Source)
at org.testng.internal.MethodInvocationHelper.invokeMethod(MethodInvocationHelper.java:132)
at org.testng.internal.TestInvoker.invokeMethod(TestInvoker.java:599)
at org.testng.internal.TestInvoker.invokeTestMethod(TestInvoker.java:174)
at org.testng.internal.MethodRunner.runInSequence(MethodRunner.java:46)
at org.testng.internal.TestInvoker$MethodInvocationAgent.invoke(TestInvoker.java:822)
at org.testng.internal.TestInvoker.invokeTestMethods(TestInvoker.java:147)
at org.testng.internal.TestMethodWorker.invokeTestMethods(TestMethodWorker.java:146)
at org.testng.internal.TestMethodWorker.run(TestMethodWorker.java:128)
at java.base/java.util.ArrayList.forEach(Unknown Source)
at org.testng.TestRunner.privateRun(TestRunner.java:764)
at org.testng.TestRunner.run(TestRunner.java:585)
at org.testng.SuiteRunner.runTest(SuiteRunner.java:384)
at org.testng.SuiteRunner.runSequentially(SuiteRunner.java:378)
at org.testng.SuiteRunner.privateRun(SuiteRunner.java:337)
at org.testng.SuiteRunner.run(SuiteRunner.java:286)
at org.testng.SuiteRunnerWorker.runSuite(SuiteRunnerWorker.java:53)
at org.testng.SuiteRunnerWorker.run(SuiteRunnerWorker.java:96)
at org.testng.TestNG.runSuitesSequentially(TestNG.java:1218)
at org.testng.TestNG.runSuitesLocally(TestNG.java:1140)
at org.testng.TestNG.runSuites(TestNG.java:1069)
at org.testng.TestNG.run(TestNG.java:1037)
at org.testng.remote.AbstractRemoteTestNG.run(AbstractRemoteTestNG.java:115)
at org.testng.remote.RemoteTestNG.initAndRun(RemoteTestNG.java:251)
at org.testng.remote.RemoteTestNG.main(RemoteTestNG.java:77)
]]>
            </full-stacktrace>
          </exception> <!-- java.lang.AssertionError -->
          <reporter-output>
          </reporter-output>
        </test-method> <!-- FravegaTestChallenge -->
        <test-method is-config="true" signature="finTest()[pri:0, instance:Test.FravegaTest@343570b7]" started-at="2020-10-15T22:40:40 GMT-03:00" name="finTest" finished-at="2020-10-15T22:40:40 GMT-03:00" duration-ms="1" status="PASS">
          <reporter-output>
          </reporter-output>
        </test-method> <!-- finTest -->
      </class> <!-- Test.FravegaTest -->
    </test> <!-- Default test -->
  </suite> <!-- Default suite -->
</testng-results>
